Using pre-set license
Built from '2020.2/staging' branch; Version is '2020.2.3f1 (8ff31bc5bf5b) revision 9433883'; Using compiler version '192528614'; Build Type 'Release'
OS: 'Windows 10 Pro; OS build 19041.928; Version 2004; 64bit' Language: 'en' Physical Memory: 16306 MB
BatchMode: 1, IsHumanControllingUs: 0, StartBugReporterOnCrash: 0, Is64bit: 1, IsPro: 0

 COMMAND LINE ARGUMENTS:
C:\Program Files\Unity\Hub\Editor\2020.2.3f1\Editor\Unity.exe
-adb2
-batchMode
-noUpm
-name
AssetImportWorker0
-projectPath
D:/Github Repositories/CIS4972_Assignment12/CIS497_Assignment12
-logFile
Logs/AssetImportWorker0.log
-srvPort
56401
Successfully changed project path to: D:/Github Repositories/CIS4972_Assignment12/CIS497_Assignment12
D:/Github Repositories/CIS4972_Assignment12/CIS497_Assignment12
Using Asset Import Pipeline V2.
Refreshing native plugins compatible for Editor in 34.18 ms, found 1 plugins.
Preloading 0 native plugins for Editor in 0.00 ms.
Initialize engine version: 2020.2.3f1 (8ff31bc5bf5b)
[Subsystems] Discovering subsystems at path C:/Program Files/Unity/Hub/Editor/2020.2.3f1/Editor/Data/Resources/UnitySubsystems
[Subsystems] Discovering subsystems at path D:/Github Repositories/CIS4972_Assignment12/CIS497_Assignment12/Assets
GfxDevice: creating device client; threaded=0
Direct3D:
    Version:  Direct3D 11.0 [level 11.1]
    Renderer: NVIDIA GeForce GTX 1070 Ti (ID=0x1b82)
    Vendor:   
    VRAM:     8079 MB
    Driver:   27.21.14.5671
Initialize mono
Mono path[0] = 'C:/Program Files/Unity/Hub/Editor/2020.2.3f1/Editor/Data/Managed'
Mono path[1] = 'C:/Program Files/Unity/Hub/Editor/2020.2.3f1/Editor/Data/MonoBleedingEdge/lib/mono/unityjit'
Mono config path = 'C:/Program Files/Unity/Hub/Editor/2020.2.3f1/Editor/Data/MonoBleedingEdge/etc'
Using monoOptions --debugger-agent=transport=dt_socket,embedding=1,server=y,suspend=n,address=127.0.0.1:56448
Begin MonoManager ReloadAssembly
Registering precompiled unity dll's ...
Register platform support module: C:/Program Files/Unity/Hub/Editor/2020.2.3f1/Editor/Data/PlaybackEngines/WebGLSupport/UnityEditor.WebGL.Extensions.dll
Register platform support module: C:/Program Files/Unity/Hub/Editor/2020.2.3f1/Editor/Data/PlaybackEngines/WindowsStandaloneSupport/UnityEditor.WindowsStandalone.Extensions.dll
Registered in 0.002254 seconds.
Native extension for WindowsStandalone target not found
Native extension for WebGL target not found
Refreshing native plugins compatible for Editor in 36.12 ms, found 1 plugins.
Preloading 0 native plugins for Editor in 0.00 ms.
Invoked RoslynAnalysisRunner static constructor.
RoslynAnalysisRunner will not be running.
RoslynAnalysisRunner has terminated.
Mono: successfully reloaded assembly
- Completed reload, in  1.472 seconds
Platform modules already initialized, skipping
Registering precompiled user dll's ...
Registered in 0.000743 seconds.
Begin MonoManager ReloadAssembly
Native extension for WindowsStandalone target not found
Native extension for WebGL target not found
Refreshing native plugins compatible for Editor in 35.25 ms, found 1 plugins.
Preloading 0 native plugins for Editor in 0.00 ms.
Invoked RoslynAnalysisRunner static constructor.
RoslynAnalysisRunner will not be running.
RoslynAnalysisRunner has terminated.
Mono: successfully reloaded assembly
- Completed reload, in  0.972 seconds
Platform modules already initialized, skipping
========================================================================
Worker process is ready to serve import requests
Launched and connected shader compiler UnityShaderCompiler.exe after 0.11 seconds
Refreshing native plugins compatible for Editor in 0.30 ms, found 1 plugins.
Preloading 0 native plugins for Editor in 0.00 ms.
Unloading 1792 Unused Serialized files (Serialized files now loaded: 0)
System memory in use before: 84.3 MB.
System memory in use after: 84.2 MB.

Unloading 24 unused Assets to reduce memory usage. Loaded Objects now: 2233.
Total: 1.674800 ms (FindLiveObjects: 0.154600 ms CreateObjectMapping: 0.068200 ms MarkObjects: 1.347800 ms  DeleteObjects: 0.103300 ms)

========================================================================
Received Import Request.
  path: Assets/Scenes
  artifactKey: Guid(2b84b0d1133819e46b52ef8446e67b5c) Importer(815301076,1909f56bfc062723c751e8b465ee728b)
Start importing Assets/Scenes using Guid(2b84b0d1133819e46b52ef8446e67b5c) Importer(815301076,1909f56bfc062723c751e8b465ee728b)  -> (artifact id: '2248838547f6f7822b1bbe3de606c29c') in 0.008217 seconds
  Import took 0.014004 seconds .

========================================================================
Received Import Request.
  Time since last request: 1.502005 seconds.
  path: Assets
  artifactKey: Guid(00000000000000001000000000000000) Importer(815301076,1909f56bfc062723c751e8b465ee728b)
Start importing Assets using Guid(00000000000000001000000000000000) Importer(815301076,1909f56bfc062723c751e8b465ee728b)  -> (artifact id: '653ce283d384579a24208b2e4d727c2a') in 0.009579 seconds
  Import took 0.013265 seconds .

========================================================================
Received Import Request.
  Time since last request: 5.252943 seconds.
  path: Assets/Scripts
  artifactKey: Guid(d0e8bf005a6a9b149aaa796018f27c1f) Importer(815301076,1909f56bfc062723c751e8b465ee728b)
Start importing Assets/Scripts using Guid(d0e8bf005a6a9b149aaa796018f27c1f) Importer(815301076,1909f56bfc062723c751e8b465ee728b)  -> (artifact id: '3bb53d1f82c6df033b59d6185c4c5473') in 0.009810 seconds
  Import took 0.013761 seconds .

========================================================================
Received Import Request.
  Time since last request: 0.001407 seconds.
  path: Assets/Scripts
  artifactKey: Guid(d0e8bf005a6a9b149aaa796018f27c1f) Importer(815301076,1909f56bfc062723c751e8b465ee728b)
Start importing Assets/Scripts using Guid(d0e8bf005a6a9b149aaa796018f27c1f) Importer(815301076,1909f56bfc062723c751e8b465ee728b)  -> (artifact id: '3bb53d1f82c6df033b59d6185c4c5473') in 0.004243 seconds
  Import took 0.007211 seconds .

========================================================================
Received Import Request.
  Time since last request: 6.322761 seconds.
  path: Assets/Prefabs
  artifactKey: Guid(f1ffab78a5d1bb64faf9dd648ec2038d) Importer(815301076,1909f56bfc062723c751e8b465ee728b)
Start importing Assets/Prefabs using Guid(f1ffab78a5d1bb64faf9dd648ec2038d) Importer(815301076,1909f56bfc062723c751e8b465ee728b)  -> (artifact id: '003acf90592ef2dea535ba83de980f84') in 0.008766 seconds
  Import took 0.013541 seconds .

========================================================================
Received Import Request.
  Time since last request: 14.363693 seconds.
  path: Assets/Prefabs/Square.prefab
  artifactKey: Guid(3c1635a5e3464b64ab1511aab26c0bcf) Importer(815301076,1909f56bfc062723c751e8b465ee728b)
Start importing Assets/Prefabs/Square.prefab using Guid(3c1635a5e3464b64ab1511aab26c0bcf) Importer(815301076,1909f56bfc062723c751e8b465ee728b)  -> (artifact id: '8e614790893fd6e97bdb63b1264fa173') in 0.124789 seconds
  Import took 0.132972 seconds .

========================================================================
Received Import Request.
  Time since last request: 7.928863 seconds.
  path: Assets/Prefabs/Circle.prefab
  artifactKey: Guid(e11cae93ad114434d85beb19574b3fe3) Importer(815301076,1909f56bfc062723c751e8b465ee728b)
Start importing Assets/Prefabs/Circle.prefab using Guid(e11cae93ad114434d85beb19574b3fe3) Importer(815301076,1909f56bfc062723c751e8b465ee728b)  -> (artifact id: '3e04dccf9c201a32c32b1e188d200331') in 0.021239 seconds
  Import took 0.025651 seconds .

========================================================================
Received Import Request.
  Time since last request: 45.717738 seconds.
  path: Assets/Prefabs/Diamond.prefab
  artifactKey: Guid(1a886c2c0f8e4ff43a20d3784c29909b) Importer(815301076,1909f56bfc062723c751e8b465ee728b)
Start importing Assets/Prefabs/Diamond.prefab using Guid(1a886c2c0f8e4ff43a20d3784c29909b) Importer(815301076,1909f56bfc062723c751e8b465ee728b)  -> (artifact id: '2d186fbc6a287fd8af2c9d1032d3d2a3') in 0.021428 seconds
  Import took 0.042909 seconds .

========================================================================
Received Import Request.
  Time since last request: 52.929707 seconds.
  path: Packages/com.unity.2d.sprite/Editor/ObjectMenuCreation/DefaultAssets/Textures/9-Sliced.png
  artifactKey: Guid(cc35afd292fc349128b36a291fb3a165) Importer(815301076,1909f56bfc062723c751e8b465ee728b)
Start importing Packages/com.unity.2d.sprite/Editor/ObjectMenuCreation/DefaultAssets/Textures/9-Sliced.png using Guid(cc35afd292fc349128b36a291fb3a165) Importer(815301076,1909f56bfc062723c751e8b465ee728b)  -> (artifact id: '66aa3cced250cc23847c5d7d936c8ec0') in 0.097046 seconds
  Import took 0.118681 seconds .

========================================================================
Received Import Request.
  Time since last request: 0.000135 seconds.
  path: Packages/com.unity.2d.sprite/Editor/ObjectMenuCreation/DefaultAssets/Textures/HexagonPointed-Top.png
  artifactKey: Guid(4b2a04fdbe0ef4d8da8f90eaca817cd1) Importer(815301076,1909f56bfc062723c751e8b465ee728b)
Start importing Packages/com.unity.2d.sprite/Editor/ObjectMenuCreation/DefaultAssets/Textures/HexagonPointed-Top.png using Guid(4b2a04fdbe0ef4d8da8f90eaca817cd1) Importer(815301076,1909f56bfc062723c751e8b465ee728b)  -> (artifact id: 'caa80d08e6fafdbce80023d0f811d7ea') in 0.018624 seconds
  Import took 0.021571 seconds .

========================================================================
Received Import Request.
  Time since last request: 0.000142 seconds.
  path: Packages/com.unity.2d.sprite/Editor/ObjectMenuCreation/DefaultAssets/Textures/HexagonFlat-Top.png
  artifactKey: Guid(a9716c16a44a94eed9b5c90fbf4d9bdd) Importer(815301076,1909f56bfc062723c751e8b465ee728b)
Start importing Packages/com.unity.2d.sprite/Editor/ObjectMenuCreation/DefaultAssets/Textures/HexagonFlat-Top.png using Guid(a9716c16a44a94eed9b5c90fbf4d9bdd) Importer(815301076,1909f56bfc062723c751e8b465ee728b)  -> (artifact id: '72a321558533ad3c9b52b68ab1143024') in 0.023615 seconds
  Import took 0.027665 seconds .

========================================================================
Received Import Request.
  Time since last request: 0.000266 seconds.
  path: Packages/com.unity.2d.sprite/Editor/ObjectMenuCreation/DefaultAssets/Textures/CircleMask.png
  artifactKey: Guid(87aaca0a643d54397ba969dab4fc8875) Importer(815301076,1909f56bfc062723c751e8b465ee728b)
Start importing Packages/com.unity.2d.sprite/Editor/ObjectMenuCreation/DefaultAssets/Textures/CircleMask.png using Guid(87aaca0a643d54397ba969dab4fc8875) Importer(815301076,1909f56bfc062723c751e8b465ee728b)  -> (artifact id: '1d4186660e7d77e4be252db5b796af7f') in 0.035516 seconds
  Import took 0.055704 seconds .

========================================================================
Received Import Request.
  Time since last request: 0.000187 seconds.
  path: Packages/com.unity.2d.sprite/Editor/ObjectMenuCreation/DefaultAssets/Textures/9-Sliced.png
  artifactKey: Guid(cc35afd292fc349128b36a291fb3a165) Importer(815301076,1909f56bfc062723c751e8b465ee728b)
Start importing Packages/com.unity.2d.sprite/Editor/ObjectMenuCreation/DefaultAssets/Textures/9-Sliced.png using Guid(cc35afd292fc349128b36a291fb3a165) Importer(815301076,1909f56bfc062723c751e8b465ee728b)  -> (artifact id: '66aa3cced250cc23847c5d7d936c8ec0') in 0.013941 seconds
  Import took 0.016949 seconds .

========================================================================
Received Import Request.
  Time since last request: 0.000198 seconds.
  path: Packages/com.unity.2d.sprite/Editor/ObjectMenuCreation/DefaultAssets/Textures/Circle.png
  artifactKey: Guid(4adeaf2d2b1c7417e89f026626d8264f) Importer(815301076,1909f56bfc062723c751e8b465ee728b)
Start importing Packages/com.unity.2d.sprite/Editor/ObjectMenuCreation/DefaultAssets/Textures/Circle.png using Guid(4adeaf2d2b1c7417e89f026626d8264f) Importer(815301076,1909f56bfc062723c751e8b465ee728b)  -> (artifact id: '3f68501d99fca1c515ab224460e136d1') in 0.014991 seconds
  Import took 0.020708 seconds .

========================================================================
Received Import Request.
  Time since last request: 0.000215 seconds.
  path: Packages/com.unity.2d.sprite/Editor/ObjectMenuCreation/DefaultAssets/Textures/Square.png
  artifactKey: Guid(db750325989564987a34393247d883b4) Importer(815301076,1909f56bfc062723c751e8b465ee728b)
Start importing Packages/com.unity.2d.sprite/Editor/ObjectMenuCreation/DefaultAssets/Textures/Square.png using Guid(db750325989564987a34393247d883b4) Importer(815301076,1909f56bfc062723c751e8b465ee728b)  -> (artifact id: 'aa3b1493c301c7b76ac24ef0917ab933') in 0.015446 seconds
  Import took 0.018003 seconds .

========================================================================
Received Import Request.
  Time since last request: 0.000143 seconds.
  path: Packages/com.unity.2d.sprite/Editor/ObjectMenuCreation/DefaultAssets/Textures/Capsule.png
  artifactKey: Guid(34587324d412940a79d530020c957dc0) Importer(815301076,1909f56bfc062723c751e8b465ee728b)
Start importing Packages/com.unity.2d.sprite/Editor/ObjectMenuCreation/DefaultAssets/Textures/Capsule.png using Guid(34587324d412940a79d530020c957dc0) Importer(815301076,1909f56bfc062723c751e8b465ee728b)  -> (artifact id: 'b85a7463eee117d1f630a3e633b8e881') in 0.017365 seconds
  Import took 0.020550 seconds .

========================================================================
Received Import Request.
  Time since last request: 0.000060 seconds.
  path: Packages/com.unity.2d.sprite/Editor/ObjectMenuCreation/DefaultAssets/Textures/IsometricDiamond.png
  artifactKey: Guid(0d267bc78a0864eb48358689b29ed20a) Importer(815301076,1909f56bfc062723c751e8b465ee728b)
Start importing Packages/com.unity.2d.sprite/Editor/ObjectMenuCreation/DefaultAssets/Textures/IsometricDiamond.png using Guid(0d267bc78a0864eb48358689b29ed20a) Importer(815301076,1909f56bfc062723c751e8b465ee728b)  -> (artifact id: '25a4725a88409568efe707c3ab349e56') in 0.021488 seconds
  Import took 0.024715 seconds .

========================================================================
Received Import Request.
  Time since last request: 250.433394 seconds.
  path: Assets/Prefabs/Circle.prefab
  artifactKey: Guid(e11cae93ad114434d85beb19574b3fe3) Importer(815301076,1909f56bfc062723c751e8b465ee728b)
Start importing Assets/Prefabs/Circle.prefab using Guid(e11cae93ad114434d85beb19574b3fe3) Importer(815301076,1909f56bfc062723c751e8b465ee728b)  -> (artifact id: '488a931cc1b463c0e497bceaa1c38c87') in 0.015856 seconds
  Import took 0.021390 seconds .

========================================================================
Received Import Request.
  Time since last request: 3.206637 seconds.
  path: Assets/Prefabs/Diamond.prefab
  artifactKey: Guid(1a886c2c0f8e4ff43a20d3784c29909b) Importer(815301076,1909f56bfc062723c751e8b465ee728b)
Start importing Assets/Prefabs/Diamond.prefab using Guid(1a886c2c0f8e4ff43a20d3784c29909b) Importer(815301076,1909f56bfc062723c751e8b465ee728b)  -> (artifact id: '72cbad65b277ce1809b50226bc2db65f') in 0.015389 seconds
  Import took 0.018757 seconds .

========================================================================
Received Import Request.
  Time since last request: 3.765907 seconds.
  path: Assets/Prefabs/Square.prefab
  artifactKey: Guid(3c1635a5e3464b64ab1511aab26c0bcf) Importer(815301076,1909f56bfc062723c751e8b465ee728b)
Start importing Assets/Prefabs/Square.prefab using Guid(3c1635a5e3464b64ab1511aab26c0bcf) Importer(815301076,1909f56bfc062723c751e8b465ee728b)  -> (artifact id: 'b8f3f5aac8ad6ae253a87a2668edce31') in 0.011919 seconds
  Import took 0.034698 seconds .

========================================================================
Received Import Request.
  Time since last request: 72.546497 seconds.
  path: Assets/Scripts/Leaf.cs
  artifactKey: Guid(d1fa49b72faa079409e103338ae07d91) Importer(815301076,1909f56bfc062723c751e8b465ee728b)
Start importing Assets/Scripts/Leaf.cs using Guid(d1fa49b72faa079409e103338ae07d91) Importer(815301076,1909f56bfc062723c751e8b465ee728b)  -> (artifact id: 'a3b10901bcadb4ec1f43aeb0cb7428fd') in 0.013018 seconds
  Import took 0.055615 seconds .

========================================================================
Received Prepare
Registering precompiled user dll's ...
Registered in 0.000739 seconds.
Begin MonoManager ReloadAssembly
Native extension for WindowsStandalone target not found
Native extension for WebGL target not found
Refreshing native plugins compatible for Editor in 0.29 ms, found 1 plugins.
Preloading 0 native plugins for Editor in 0.00 ms.
Invoked RoslynAnalysisRunner static constructor.
RoslynAnalysisRunner will not be running.
RoslynAnalysisRunner has terminated.
Mono: successfully reloaded assembly
- Completed reload, in  0.994 seconds
Platform modules already initialized, skipping
Refreshing native plugins compatible for Editor in 0.27 ms, found 1 plugins.
Preloading 0 native plugins for Editor in 0.00 ms.
Unloading 1788 Unused Serialized files (Serialized files now loaded: 0)
System memory in use before: 87.4 MB.
System memory in use after: 87.4 MB.

Unloading 12 unused Assets to reduce memory usage. Loaded Objects now: 2254.
Total: 1.669000 ms (FindLiveObjects: 0.153000 ms CreateObjectMapping: 0.059300 ms MarkObjects: 1.365400 ms  DeleteObjects: 0.090100 ms)

========================================================================
Received Import Request.
  Time since last request: 42.023677 seconds.
  path: Assets/Scripts/Component.cs
  artifactKey: Guid(b5afa6d4dd797c547b6fa45aa542f0b5) Importer(815301076,1909f56bfc062723c751e8b465ee728b)
Start importing Assets/Scripts/Component.cs using Guid(b5afa6d4dd797c547b6fa45aa542f0b5) Importer(815301076,1909f56bfc062723c751e8b465ee728b)  -> (artifact id: 'dd07da8c99038f311a490f53e9a7711e') in 0.024879 seconds
  Import took 0.037072 seconds .

========================================================================
Received Prepare
Registering precompiled user dll's ...
Registered in 0.000675 seconds.
Begin MonoManager ReloadAssembly
Native extension for WindowsStandalone target not found
Native extension for WebGL target not found
Refreshing native plugins compatible for Editor in 0.36 ms, found 1 plugins.
Preloading 0 native plugins for Editor in 0.00 ms.
Invoked RoslynAnalysisRunner static constructor.
RoslynAnalysisRunner will not be running.
RoslynAnalysisRunner has terminated.
Mono: successfully reloaded assembly
- Completed reload, in  0.990 seconds
Platform modules already initialized, skipping
Refreshing native plugins compatible for Editor in 0.31 ms, found 1 plugins.
Preloading 0 native plugins for Editor in 0.00 ms.
Unloading 1789 Unused Serialized files (Serialized files now loaded: 0)
System memory in use before: 87.5 MB.
System memory in use after: 87.4 MB.

Unloading 12 unused Assets to reduce memory usage. Loaded Objects now: 2258.
Total: 1.546400 ms (FindLiveObjects: 0.150600 ms CreateObjectMapping: 0.055600 ms MarkObjects: 1.247000 ms  DeleteObjects: 0.092100 ms)

========================================================================
Received Import Request.
  Time since last request: 8.850046 seconds.
  path: Assets/Scripts/Composite.cs
  artifactKey: Guid(40b049b2cfc4a2a4caad77424f76a69c) Importer(815301076,1909f56bfc062723c751e8b465ee728b)
Start importing Assets/Scripts/Composite.cs using Guid(40b049b2cfc4a2a4caad77424f76a69c) Importer(815301076,1909f56bfc062723c751e8b465ee728b)  -> (artifact id: '0f18b9560d81b657918ab5c6d07093fd') in 0.024473 seconds
  Import took 0.038837 seconds .

========================================================================
Received Prepare
Registering precompiled user dll's ...
Registered in 0.000729 seconds.
Begin MonoManager ReloadAssembly
Native extension for WindowsStandalone target not found
Native extension for WebGL target not found
Refreshing native plugins compatible for Editor in 0.30 ms, found 1 plugins.
Preloading 0 native plugins for Editor in 0.00 ms.
Invoked RoslynAnalysisRunner static constructor.
RoslynAnalysisRunner will not be running.
RoslynAnalysisRunner has terminated.
Mono: successfully reloaded assembly
- Completed reload, in  1.126 seconds
Platform modules already initialized, skipping
Refreshing native plugins compatible for Editor in 0.33 ms, found 1 plugins.
Preloading 0 native plugins for Editor in 0.00 ms.
Unloading 1790 Unused Serialized files (Serialized files now loaded: 0)
System memory in use before: 87.5 MB.
System memory in use after: 87.5 MB.

Unloading 12 unused Assets to reduce memory usage. Loaded Objects now: 2262.
Total: 2.366500 ms (FindLiveObjects: 0.144900 ms CreateObjectMapping: 0.059300 ms MarkObjects: 1.867800 ms  DeleteObjects: 0.293000 ms)

========================================================================
Received Prepare
Registering precompiled user dll's ...
Registered in 0.000752 seconds.
Begin MonoManager ReloadAssembly
Native extension for WindowsStandalone target not found
Native extension for WebGL target not found
Refreshing native plugins compatible for Editor in 0.29 ms, found 1 plugins.
Preloading 0 native plugins for Editor in 0.00 ms.
Invoked RoslynAnalysisRunner static constructor.
RoslynAnalysisRunner will not be running.
RoslynAnalysisRunner has terminated.
Mono: successfully reloaded assembly
- Completed reload, in  0.841 seconds
Platform modules already initialized, skipping
Refreshing native plugins compatible for Editor in 0.27 ms, found 1 plugins.
Preloading 0 native plugins for Editor in 0.00 ms.
Unloading 1790 Unused Serialized files (Serialized files now loaded: 0)
System memory in use before: 87.5 MB.
System memory in use after: 87.5 MB.

Unloading 12 unused Assets to reduce memory usage. Loaded Objects now: 2265.
Total: 2.135300 ms (FindLiveObjects: 0.146300 ms CreateObjectMapping: 0.056300 ms MarkObjects: 1.839400 ms  DeleteObjects: 0.091800 ms)

========================================================================
Received Import Request.
  Time since last request: 612.096641 seconds.
  path: Assets/Scripts/Component.cs
  artifactKey: Guid(b5afa6d4dd797c547b6fa45aa542f0b5) Importer(815301076,1909f56bfc062723c751e8b465ee728b)
Start importing Assets/Scripts/Component.cs using Guid(b5afa6d4dd797c547b6fa45aa542f0b5) Importer(815301076,1909f56bfc062723c751e8b465ee728b)  -> (artifact id: 'b9ab6bb6a82667ef8b1e02ef332fe00d') in 0.004431 seconds
  Import took 0.022267 seconds .

========================================================================
Received Import Request.
  Time since last request: 24.877346 seconds.
  path: Assets/Scripts/PlayerController.cs
  artifactKey: Guid(c288a72b34c263c44823836a5ce89ef9) Importer(815301076,1909f56bfc062723c751e8b465ee728b)
Start importing Assets/Scripts/PlayerController.cs using Guid(c288a72b34c263c44823836a5ce89ef9) Importer(815301076,1909f56bfc062723c751e8b465ee728b)  -> (artifact id: 'cad08c04120f5d9a0bf41691c230efa6') in 0.027461 seconds
  Import took 0.030814 seconds .

========================================================================
Received Prepare
Registering precompiled user dll's ...
Registered in 0.000779 seconds.
Begin MonoManager ReloadAssembly
Native extension for WindowsStandalone target not found
Native extension for WebGL target not found
Refreshing native plugins compatible for Editor in 0.28 ms, found 1 plugins.
Preloading 0 native plugins for Editor in 0.00 ms.
Invoked RoslynAnalysisRunner static constructor.
RoslynAnalysisRunner will not be running.
RoslynAnalysisRunner has terminated.
Mono: successfully reloaded assembly
- Completed reload, in  0.975 seconds
Platform modules already initialized, skipping
Refreshing native plugins compatible for Editor in 0.31 ms, found 1 plugins.
Preloading 0 native plugins for Editor in 0.00 ms.
Unloading 1791 Unused Serialized files (Serialized files now loaded: 0)
System memory in use before: 87.5 MB.
System memory in use after: 87.5 MB.

Unloading 12 unused Assets to reduce memory usage. Loaded Objects now: 2269.
Total: 2.295800 ms (FindLiveObjects: 0.256800 ms CreateObjectMapping: 0.109000 ms MarkObjects: 1.838800 ms  DeleteObjects: 0.089700 ms)

========================================================================
Received Prepare
Registering precompiled user dll's ...
Registered in 0.000676 seconds.
Begin MonoManager ReloadAssembly
Native extension for WindowsStandalone target not found
Native extension for WebGL target not found
Refreshing native plugins compatible for Editor in 0.32 ms, found 1 plugins.
Preloading 0 native plugins for Editor in 0.00 ms.
Invoked RoslynAnalysisRunner static constructor.
RoslynAnalysisRunner will not be running.
RoslynAnalysisRunner has terminated.
Mono: successfully reloaded assembly
- Completed reload, in  1.169 seconds
Platform modules already initialized, skipping
Refreshing native plugins compatible for Editor in 0.40 ms, found 1 plugins.
Preloading 0 native plugins for Editor in 0.00 ms.
Unloading 1791 Unused Serialized files (Serialized files now loaded: 0)
System memory in use before: 87.5 MB.
System memory in use after: 87.5 MB.

Unloading 12 unused Assets to reduce memory usage. Loaded Objects now: 2272.
Total: 1.775600 ms (FindLiveObjects: 0.140200 ms CreateObjectMapping: 0.058600 ms MarkObjects: 1.483400 ms  DeleteObjects: 0.092300 ms)

========================================================================
Received Import Request.
  Time since last request: 1638.051375 seconds.
  path: Assets/Scripts/PlayerController.cs
  artifactKey: Guid(c288a72b34c263c44823836a5ce89ef9) Importer(815301076,1909f56bfc062723c751e8b465ee728b)
Start importing Assets/Scripts/PlayerController.cs using Guid(c288a72b34c263c44823836a5ce89ef9) Importer(815301076,1909f56bfc062723c751e8b465ee728b)  -> (artifact id: 'c5f656420d214402b39c7b8cf7ee4821') in 0.005606 seconds
  Import took 0.027791 seconds .

========================================================================
Received Prepare
Registering precompiled user dll's ...
Registered in 0.000738 seconds.
Begin MonoManager ReloadAssembly
Native extension for WindowsStandalone target not found
Native extension for WebGL target not found
Refreshing native plugins compatible for Editor in 0.28 ms, found 1 plugins.
Preloading 0 native plugins for Editor in 0.00 ms.
Invoked RoslynAnalysisRunner static constructor.
RoslynAnalysisRunner will not be running.
RoslynAnalysisRunner has terminated.
Mono: successfully reloaded assembly
- Completed reload, in  0.810 seconds
Platform modules already initialized, skipping
Refreshing native plugins compatible for Editor in 0.27 ms, found 1 plugins.
Preloading 0 native plugins for Editor in 0.00 ms.
Unloading 1791 Unused Serialized files (Serialized files now loaded: 0)
System memory in use before: 87.6 MB.
System memory in use after: 87.5 MB.

Unloading 12 unused Assets to reduce memory usage. Loaded Objects now: 2275.
Total: 1.498000 ms (FindLiveObjects: 0.148300 ms CreateObjectMapping: 0.055600 ms MarkObjects: 1.202700 ms  DeleteObjects: 0.090300 ms)

========================================================================
Received Import Request.
  Time since last request: 110.370897 seconds.
  path: Assets/Prefabs/Panel.prefab
  artifactKey: Guid(4eb7fd3cb497819429f67c92b0bbfa18) Importer(815301076,1909f56bfc062723c751e8b465ee728b)
Start importing Assets/Prefabs/Panel.prefab using Guid(4eb7fd3cb497819429f67c92b0bbfa18) Importer(815301076,1909f56bfc062723c751e8b465ee728b)  -> (artifact id: '5d8845156b655de80c5e76597a28284a') in 0.042211 seconds
  Import took 0.045331 seconds .

========================================================================
Received Import Request.
  Time since last request: 0.000317 seconds.
  path: Assets/Prefabs/Panel.prefab
  artifactKey: Guid(4eb7fd3cb497819429f67c92b0bbfa18) Importer(815301076,1909f56bfc062723c751e8b465ee728b)
Start importing Assets/Prefabs/Panel.prefab using Guid(4eb7fd3cb497819429f67c92b0bbfa18) Importer(815301076,1909f56bfc062723c751e8b465ee728b)  -> (artifact id: '5d8845156b655de80c5e76597a28284a') in 0.005074 seconds
  Import took 0.008440 seconds .

========================================================================
Received Import Request.
  Time since last request: 18.230763 seconds.
  path: Assets/Prefabs/Panel.prefab
  artifactKey: Guid(4eb7fd3cb497819429f67c92b0bbfa18) Importer(815301076,1909f56bfc062723c751e8b465ee728b)
Start importing Assets/Prefabs/Panel.prefab using Guid(4eb7fd3cb497819429f67c92b0bbfa18) Importer(815301076,1909f56bfc062723c751e8b465ee728b)  -> (artifact id: 'db060bad8c708ac00b6ea920f40ffd0a') in 0.009715 seconds
  Import took 0.013747 seconds .

========================================================================
Received Prepare
Registering precompiled user dll's ...
Registered in 0.000701 seconds.
Begin MonoManager ReloadAssembly
Native extension for WindowsStandalone target not found
Native extension for WebGL target not found
Refreshing native plugins compatible for Editor in 0.34 ms, found 1 plugins.
Preloading 0 native plugins for Editor in 0.00 ms.
Invoked RoslynAnalysisRunner static constructor.
RoslynAnalysisRunner will not be running.
RoslynAnalysisRunner has terminated.
Mono: successfully reloaded assembly
- Completed reload, in  0.840 seconds
Platform modules already initialized, skipping
Refreshing native plugins compatible for Editor in 0.37 ms, found 1 plugins.
Preloading 0 native plugins for Editor in 0.00 ms.
Unloading 1791 Unused Serialized files (Serialized files now loaded: 0)
System memory in use before: 87.6 MB.
System memory in use after: 87.6 MB.

Unloading 13 unused Assets to reduce memory usage. Loaded Objects now: 2278.
Total: 2.194500 ms (FindLiveObjects: 0.264100 ms CreateObjectMapping: 0.136200 ms MarkObjects: 1.664000 ms  DeleteObjects: 0.128600 ms)

========================================================================
Received Prepare
Registering precompiled user dll's ...
Registered in 0.000704 seconds.
Begin MonoManager ReloadAssembly
Native extension for WindowsStandalone target not found
Native extension for WebGL target not found
Refreshing native plugins compatible for Editor in 0.33 ms, found 1 plugins.
Preloading 0 native plugins for Editor in 0.00 ms.
Invoked RoslynAnalysisRunner static constructor.
RoslynAnalysisRunner will not be running.
RoslynAnalysisRunner has terminated.
Mono: successfully reloaded assembly
- Completed reload, in  0.881 seconds
Platform modules already initialized, skipping
Refreshing native plugins compatible for Editor in 0.33 ms, found 1 plugins.
Preloading 0 native plugins for Editor in 0.00 ms.
Unloading 1791 Unused Serialized files (Serialized files now loaded: 0)
System memory in use before: 87.6 MB.
System memory in use after: 87.6 MB.

Unloading 12 unused Assets to reduce memory usage. Loaded Objects now: 2281.
Total: 1.771600 ms (FindLiveObjects: 0.145900 ms CreateObjectMapping: 0.055100 ms MarkObjects: 1.475700 ms  DeleteObjects: 0.093500 ms)

